\BOOKMARK [1][-]{section.1}{Pr\351ambule et d\351finitions}{}% 1
\BOOKMARK [1][-]{section.2}{Dur\351e et lieu du travail}{}% 2
\BOOKMARK [2][-]{subsection.2.1}{Dur\351e du contrat}{section.2}% 3
\BOOKMARK [2][-]{subsection.2.2}{Lieu de travail}{section.2}% 4
\BOOKMARK [1][-]{section.3}{Fonctions et responsabilit\351s du travailleur}{}% 5
\BOOKMARK [1][-]{section.4}{R\351mun\351ration}{}% 6
\BOOKMARK [2][-]{subsection.4.1}{Salaire}{section.4}% 7
\BOOKMARK [2][-]{subsection.4.2}{Assurance m\351dicale}{section.4}% 8
\BOOKMARK [2][-]{subsection.4.3}{Primes}{section.4}% 9
\BOOKMARK [2][-]{subsection.4.4}{Autres avantages sociaux}{section.4}% 10
\BOOKMARK [1][-]{section.5}{Horaire de travail}{}% 11
\BOOKMARK [2][-]{subsection.5.1}{Journ\351es et semaines de travail}{section.5}% 12
\BOOKMARK [2][-]{subsection.5.2}{P\351riodes de repos}{section.5}% 13
\BOOKMARK [2][-]{subsection.5.3}{Temps suppl\351mentaire}{section.5}% 14
\BOOKMARK [1][-]{section.6}{Vacances et cong\351s}{}% 15
\BOOKMARK [2][-]{subsection.6.1}{Vacances}{section.6}% 16
\BOOKMARK [2][-]{subsection.6.2}{Cong\351s f\351ri\351s et pay\351s}{section.6}% 17
\BOOKMARK [2][-]{subsection.6.3}{Autres cong\351s}{section.6}% 18
\BOOKMARK [2][-]{subsection.6.4}{Cong\351s familiaux et de maladie}{section.6}% 19
\BOOKMARK [1][-]{section.7}{R\351serve de propri\351t\351 intellectuelle}{}% 20
\BOOKMARK [1][-]{section.8}{Avis de cessation ou de d\351mission}{}% 21
\BOOKMARK [2][-]{subsection.8.1}{Cessation}{section.8}% 22
\BOOKMARK [2][-]{subsection.8.2}{D\351mission}{section.8}% 23
\BOOKMARK [1][-]{section.9}{Clause de non-concurrence}{}% 24
\BOOKMARK [2][-]{subsection.9.1}{Territoire}{section.9}% 25
\BOOKMARK [2][-]{subsection.9.2}{Dur\351e}{section.9}% 26
\BOOKMARK [2][-]{subsection.9.3}{Domaine professionnel}{section.9}% 27
\BOOKMARK [2][-]{subsection.9.4}{D\351faut}{section.9}% 28
\BOOKMARK [1][-]{section.10}{Signature des parties}{}% 29
